2019-10-02 20:22:29.128 [main] DEBUG c.q.o.d.P.queryProductCategoryList - ==>  Preparing: select product_category_id,product_category_name, prority, create_time from tb_product_category where shop_id = {#shopId} order by priority DESC 
2019-10-02 20:22:29.151 [main] DEBUG c.q.o.d.P.queryProductCategoryList - ==> Parameters: 
2019-10-02 20:23:32.933 [main] DEBUG c.q.o.d.P.queryProductCategoryList - ==>  Preparing: select product_category_id,product_category_name, prority, create_time from tb_product_category where shop_id = ? order by priority DESC 
2019-10-02 20:23:32.951 [main] DEBUG c.q.o.d.P.queryProductCategoryList - ==> Parameters: 29(Long)
2019-10-02 20:24:23.808 [main] DEBUG c.q.o.d.P.queryProductCategoryList - ==>  Preparing: select product_category_id,product_category_name, prority, create_time from tb_product_category where shop_id = ? order by prority DESC 
2019-10-02 20:24:23.827 [main] DEBUG c.q.o.d.P.queryProductCategoryList - ==> Parameters: 29(Long)
2019-10-02 20:25:07.981 [main] DEBUG c.q.o.d.P.queryProductCategoryList - ==>  Preparing: select product_category_id,product_category_name, priority, create_time from tb_product_category where shop_id = ? order by priority DESC 
2019-10-02 20:25:08.005 [main] DEBUG c.q.o.d.P.queryProductCategoryList - ==> Parameters: 29(Long)
2019-10-02 20:25:08.019 [main] DEBUG c.q.o.d.P.queryProductCategoryList - <==      Total: 3
2019-10-02 20:25:30.547 [main] DEBUG c.q.o.d.P.batchInsertProductCategory - ==>  Preparing: insert into tb_product_category(product_category_name, priority, create_time, shop_id) values ( ?, ?, ?, ? ) , ( ?, ?, ?, ? ) 
2019-10-02 20:25:30.570 [main] DEBUG c.q.o.d.P.batchInsertProductCategory - ==> Parameters: 商品类别1(String), 1(Integer), 2019-10-02 20:25:30.282(Timestamp), 28(Long), 商品类别2(String), 2(Integer), 2019-10-02 20:25:30.282(Timestamp), 28(Long)
2019-10-02 20:25:30.577 [main] DEBUG c.q.o.d.P.batchInsertProductCategory - <==    Updates: 2
2019-10-02 20:26:04.337 [main] DEBUG c.q.o.d.P.queryProductCategoryList - ==>  Preparing: select product_category_id,product_category_name, priority, create_time from tb_product_category where shop_id = ? order by priority DESC 
2019-10-02 20:26:04.358 [main] DEBUG c.q.o.d.P.queryProductCategoryList - ==> Parameters: 28(Long)
2019-10-02 20:26:04.376 [main] DEBUG c.q.o.d.P.queryProductCategoryList - <==      Total: 7
2019-10-02 20:26:04.380 [main] DEBUG c.q.o.dao.ProductCategoryDao.deleteProductCategory - ==>  Preparing: delete from tb_product_category where product_category_id = ? and shop_id = ? 
2019-10-02 20:26:04.381 [main] DEBUG c.q.o.dao.ProductCategoryDao.deleteProductCategory - ==> Parameters: 11(Long), 28(Long)
2019-10-02 20:26:04.389 [main] DEBUG c.q.o.dao.ProductCategoryDao.deleteProductCategory - <==    Updates: 1
2019-10-02 20:26:04.389 [main] DEBUG c.q.o.dao.ProductCategoryDao.deleteProductCategory - ==>  Preparing: delete from tb_product_category where product_category_id = ? and shop_id = ? 
2019-10-02 20:26:04.389 [main] DEBUG c.q.o.dao.ProductCategoryDao.deleteProductCategory - ==> Parameters: 10(Long), 28(Long)
2019-10-02 20:26:04.413 [main] DEBUG c.q.o.dao.ProductCategoryDao.deleteProductCategory - <==    Updates: 1
